Performing C SOURCE FILE Test CMAKE_HAVE_LIBC_PTHREAD failed with the following output:
Change Dir: /scratch/s309876/cudaAwareMpi/Cuda-aware-MPI-on-3D-heate-quation/HeatEquation3D/CMakeFiles/CMakeTmp

Run Build Command(s):/usr/bin/gmake cmTC_fb469/fast && /usr/bin/gmake -f CMakeFiles/cmTC_fb469.dir/build.make CMakeFiles/cmTC_fb469.dir/build
gmake[1]: Entering directory `/scratch/s309876/cudaAwareMpi/Cuda-aware-MPI-on-3D-heate-quation/HeatEquation3D/CMakeFiles/CMakeTmp'
Building C object CMakeFiles/cmTC_fb469.dir/src.c.o
/apps/software/GCCcore/8.3.0/bin/cc   -fPIC -DCMAKE_HAVE_LIBC_PTHREAD   -o CMakeFiles/cmTC_fb469.dir/src.c.o   -c /scratch/s309876/cudaAwareMpi/Cuda-aware-MPI-on-3D-heate-quation/HeatEquation3D/CMakeFiles/CMakeTmp/src.c
Linking C executable cmTC_fb469
/apps/software/CMake/3.15.3-GCCcore-8.3.0/bin/cmake -E cmake_link_script CMakeFiles/cmTC_fb469.dir/link.txt --verbose=1
/apps/software/GCCcore/8.3.0/bin/cc -fPIC -DCMAKE_HAVE_LIBC_PTHREAD    -rdynamic CMakeFiles/cmTC_fb469.dir/src.c.o  -o cmTC_fb469 
CMakeFiles/cmTC_fb469.dir/src.c.o:src.c:function main: error: undefined reference to 'pthread_create'
CMakeFiles/cmTC_fb469.dir/src.c.o:src.c:function main: error: undefined reference to 'pthread_detach'
CMakeFiles/cmTC_fb469.dir/src.c.o:src.c:function main: error: undefined reference to 'pthread_join'
CMakeFiles/cmTC_fb469.dir/src.c.o:src.c:function main: error: undefined reference to 'pthread_atfork'
collect2: error: ld returned 1 exit status
gmake[1]: *** [cmTC_fb469] Error 1
gmake[1]: Leaving directory `/scratch/s309876/cudaAwareMpi/Cuda-aware-MPI-on-3D-heate-quation/HeatEquation3D/CMakeFiles/CMakeTmp'
gmake: *** [cmTC_fb469/fast] Error 2


Source file was:
#include <pthread.h>

void* test_func(void* data)
{
  return data;
}

int main(void)
{
  pthread_t thread;
  pthread_create(&thread, NULL, test_func, NULL);
  pthread_detach(thread);
  pthread_join(thread, NULL);
  pthread_atfork(NULL, NULL, NULL);
  pthread_exit(NULL);

  return 0;
}

Determining if the function pthread_create exists in the pthreads failed with the following output:
Change Dir: /scratch/s309876/cudaAwareMpi/Cuda-aware-MPI-on-3D-heate-quation/HeatEquation3D/CMakeFiles/CMakeTmp

Run Build Command(s):/usr/bin/gmake cmTC_0a0be/fast && /usr/bin/gmake -f CMakeFiles/cmTC_0a0be.dir/build.make CMakeFiles/cmTC_0a0be.dir/build
gmake[1]: Entering directory `/scratch/s309876/cudaAwareMpi/Cuda-aware-MPI-on-3D-heate-quation/HeatEquation3D/CMakeFiles/CMakeTmp'
Building C object CMakeFiles/cmTC_0a0be.dir/CheckFunctionExists.c.o
/apps/software/GCCcore/8.3.0/bin/cc   -fPIC -DCHECK_FUNCTION_EXISTS=pthread_create   -o CMakeFiles/cmTC_0a0be.dir/CheckFunctionExists.c.o   -c /apps/software/CMake/3.15.3-GCCcore-8.3.0/share/cmake-3.15/Modules/CheckFunctionExists.c
Linking C executable cmTC_0a0be
/apps/software/CMake/3.15.3-GCCcore-8.3.0/bin/cmake -E cmake_link_script CMakeFiles/cmTC_0a0be.dir/link.txt --verbose=1
/apps/software/GCCcore/8.3.0/bin/cc -fPIC -DCHECK_FUNCTION_EXISTS=pthread_create    -rdynamic CMakeFiles/cmTC_0a0be.dir/CheckFunctionExists.c.o  -o cmTC_0a0be -lpthreads 
/apps/software/binutils/2.32-GCCcore-8.3.0/bin/ld.gold: error: cannot find -lpthreads
CMakeFiles/cmTC_0a0be.dir/CheckFunctionExists.c.o:CheckFunctionExists.c:function main: error: undefined reference to 'pthread_create'
collect2: error: ld returned 1 exit status
gmake[1]: *** [cmTC_0a0be] Error 1
gmake[1]: Leaving directory `/scratch/s309876/cudaAwareMpi/Cuda-aware-MPI-on-3D-heate-quation/HeatEquation3D/CMakeFiles/CMakeTmp'
gmake: *** [cmTC_0a0be/fast] Error 2



